<?xml version="1.0" encoding="UTF-8"?>
<testng-results ignored="0" total="1" passed="1" failed="0" skipped="0">
  <reporter-output>
  </reporter-output>
  <suite started-at="2024-07-01T12:05:34 IST" name="Suite" finished-at="2024-07-01T12:06:15 IST" duration-ms="41513">
    <groups>
    </groups>
    <test started-at="2024-07-01T12:05:34 IST" name="Test" finished-at="2024-07-01T12:06:15 IST" duration-ms="41513">
      <class name="TestCaseExecution.ExecutionClass">
        <test-method is-config="true" signature="Open()[pri:0, instance:TestCaseExecution.ExecutionClass@123ef382]" started-at="2024-07-01T12:05:34 IST" name="Open" finished-at="2024-07-01T12:05:57 IST" duration-ms="23105" status="PASS">
          <reporter-output>
          </reporter-output>
        </test-method> <!-- Open -->
        <test-method signature="execute()[pri:0, instance:TestCaseExecution.ExecutionClass@123ef382]" started-at="2024-07-01T12:05:57 IST" name="execute" finished-at="2024-07-01T12:06:15 IST" duration-ms="18288" status="PASS">
          <reporter-output>
          </reporter-output>
        </test-method> <!-- execute -->
      </class> <!-- TestCaseExecution.ExecutionClass -->
    </test> <!-- Test -->
  </suite> <!-- Suite -->
</testng-results>
